mode: atomic
github.com/j-bolivar-lt/pfsense-api-goclient/v2/pfsenseapi/auth.go:41.75,43.16 2 0
github.com/j-bolivar-lt/pfsense-api-goclient/v2/pfsenseapi/auth.go:43.16,45.3 1 0
github.com/j-bolivar-lt/pfsense-api-goclient/v2/pfsenseapi/auth.go:47.2,48.54 2 0
github.com/j-bolivar-lt/pfsense-api-goclient/v2/pfsenseapi/auth.go:48.54,50.3 1 0
github.com/j-bolivar-lt/pfsense-api-goclient/v2/pfsenseapi/auth.go:52.2,52.23 1 0
github.com/j-bolivar-lt/pfsense-api-goclient/v2/pfsenseapi/auth.go:61.82,69.16 2 0
github.com/j-bolivar-lt/pfsense-api-goclient/v2/pfsenseapi/auth.go:69.16,71.3 1 0
github.com/j-bolivar-lt/pfsense-api-goclient/v2/pfsenseapi/auth.go:73.2,74.54 2 0
github.com/j-bolivar-lt/pfsense-api-goclient/v2/pfsenseapi/auth.go:74.54,76.3 1 0
github.com/j-bolivar-lt/pfsense-api-goclient/v2/pfsenseapi/auth.go:78.2,78.23 1 0
github.com/j-bolivar-lt/pfsense-api-goclient/v2/pfsenseapi/auth.go:82.90,84.16 2 0
github.com/j-bolivar-lt/pfsense-api-goclient/v2/pfsenseapi/auth.go:84.16,86.3 1 0
github.com/j-bolivar-lt/pfsense-api-goclient/v2/pfsenseapi/auth.go:88.2,89.16 2 0
github.com/j-bolivar-lt/pfsense-api-goclient/v2/pfsenseapi/auth.go:89.16,91.3 1 0
github.com/j-bolivar-lt/pfsense-api-goclient/v2/pfsenseapi/auth.go:93.2,94.54 2 0
github.com/j-bolivar-lt/pfsense-api-goclient/v2/pfsenseapi/auth.go:94.54,96.3 1 0
github.com/j-bolivar-lt/pfsense-api-goclient/v2/pfsenseapi/auth.go:98.2,98.23 1 0
github.com/j-bolivar-lt/pfsense-api-goclient/v2/pfsenseapi/auth.go:102.85,110.16 2 0
github.com/j-bolivar-lt/pfsense-api-goclient/v2/pfsenseapi/auth.go:110.16,112.3 1 0
github.com/j-bolivar-lt/pfsense-api-goclient/v2/pfsenseapi/auth.go:114.2,115.54 2 0
github.com/j-bolivar-lt/pfsense-api-goclient/v2/pfsenseapi/auth.go:115.54,117.3 1 0
github.com/j-bolivar-lt/pfsense-api-goclient/v2/pfsenseapi/auth.go:119.2,119.23 1 0
github.com/j-bolivar-lt/pfsense-api-goclient/v2/pfsenseapi/auth.go:128.90,130.16 2 0
github.com/j-bolivar-lt/pfsense-api-goclient/v2/pfsenseapi/auth.go:130.16,132.3 1 0
github.com/j-bolivar-lt/pfsense-api-goclient/v2/pfsenseapi/auth.go:134.2,135.16 2 0
github.com/j-bolivar-lt/pfsense-api-goclient/v2/pfsenseapi/auth.go:135.16,137.3 1 0
github.com/j-bolivar-lt/pfsense-api-goclient/v2/pfsenseapi/auth.go:139.2,140.54 2 0
github.com/j-bolivar-lt/pfsense-api-goclient/v2/pfsenseapi/auth.go:140.54,142.3 1 0
github.com/j-bolivar-lt/pfsense-api-goclient/v2/pfsenseapi/auth.go:144.2,144.23 1 0
github.com/j-bolivar-lt/pfsense-api-goclient/v2/pfsenseapi/bridge.go:24.94,26.16 2 0
github.com/j-bolivar-lt/pfsense-api-goclient/v2/pfsenseapi/bridge.go:26.16,28.3 1 0
github.com/j-bolivar-lt/pfsense-api-goclient/v2/pfsenseapi/bridge.go:30.2,31.54 2 0
github.com/j-bolivar-lt/pfsense-api-goclient/v2/pfsenseapi/bridge.go:31.54,33.3 1 0
github.com/j-bolivar-lt/pfsense-api-goclient/v2/pfsenseapi/bridge.go:35.2,35.23 1 0
github.com/j-bolivar-lt/pfsense-api-goclient/v2/pfsenseapi/bridge.go:44.101,52.16 2 0
github.com/j-bolivar-lt/pfsense-api-goclient/v2/pfsenseapi/bridge.go:52.16,54.3 1 0
github.com/j-bolivar-lt/pfsense-api-goclient/v2/pfsenseapi/bridge.go:56.2,57.54 2 0
github.com/j-bolivar-lt/pfsense-api-goclient/v2/pfsenseapi/bridge.go:57.54,59.3 1 0
github.com/j-bolivar-lt/pfsense-api-goclient/v2/pfsenseapi/bridge.go:60.2,60.23 1 0
github.com/j-bolivar-lt/pfsense-api-goclient/v2/pfsenseapi/bridge.go:64.112,72.16 2 0
github.com/j-bolivar-lt/pfsense-api-goclient/v2/pfsenseapi/bridge.go:72.16,74.3 1 0
github.com/j-bolivar-lt/pfsense-api-goclient/v2/pfsenseapi/bridge.go:76.2,77.54 2 0
github.com/j-bolivar-lt/pfsense-api-goclient/v2/pfsenseapi/bridge.go:77.54,79.3 1 0
github.com/j-bolivar-lt/pfsense-api-goclient/v2/pfsenseapi/bridge.go:80.2,80.23 1 0
github.com/j-bolivar-lt/pfsense-api-goclient/v2/pfsenseapi/bridge.go:87.29,89.16 2 0
github.com/j-bolivar-lt/pfsense-api-goclient/v2/pfsenseapi/bridge.go:89.16,91.3 1 0
github.com/j-bolivar-lt/pfsense-api-goclient/v2/pfsenseapi/bridge.go:93.2,94.16 2 0
github.com/j-bolivar-lt/pfsense-api-goclient/v2/pfsenseapi/bridge.go:94.16,96.3 1 0
github.com/j-bolivar-lt/pfsense-api-goclient/v2/pfsenseapi/bridge.go:98.2,99.54 2 0
github.com/j-bolivar-lt/pfsense-api-goclient/v2/pfsenseapi/bridge.go:99.54,101.3 1 0
github.com/j-bolivar-lt/pfsense-api-goclient/v2/pfsenseapi/bridge.go:102.2,102.23 1 0
github.com/j-bolivar-lt/pfsense-api-goclient/v2/pfsenseapi/bridge.go:110.29,117.16 3 0
github.com/j-bolivar-lt/pfsense-api-goclient/v2/pfsenseapi/bridge.go:117.16,119.3 1 0
github.com/j-bolivar-lt/pfsense-api-goclient/v2/pfsenseapi/bridge.go:121.2,122.16 2 0
github.com/j-bolivar-lt/pfsense-api-goclient/v2/pfsenseapi/bridge.go:122.16,124.3 1 0
github.com/j-bolivar-lt/pfsense-api-goclient/v2/pfsenseapi/bridge.go:126.2,127.54 2 0
github.com/j-bolivar-lt/pfsense-api-goclient/v2/pfsenseapi/bridge.go:127.54,129.3 1 0
github.com/j-bolivar-lt/pfsense-api-goclient/v2/pfsenseapi/bridge.go:130.2,130.23 1 0
github.com/j-bolivar-lt/pfsense-api-goclient/v2/pfsenseapi/client.go:75.36,76.69 1 0
github.com/j-bolivar-lt/pfsense-api-goclient/v2/pfsenseapi/client.go:76.69,78.3 1 0
github.com/j-bolivar-lt/pfsense-api-goclient/v2/pfsenseapi/client.go:79.2,79.13 1 0
github.com/j-bolivar-lt/pfsense-api-goclient/v2/pfsenseapi/client.go:83.39,104.2 11 0
github.com/j-bolivar-lt/pfsense-api-goclient/v2/pfsenseapi/client.go:108.47,118.2 4 0
github.com/j-bolivar-lt/pfsense-api-goclient/v2/pfsenseapi/client.go:122.66,135.2 4 0
github.com/j-bolivar-lt/pfsense-api-goclient/v2/pfsenseapi/client.go:140.64,153.2 4 0
github.com/j-bolivar-lt/pfsense-api-goclient/v2/pfsenseapi/client.go:156.79,168.2 4 0
github.com/j-bolivar-lt/pfsense-api-goclient/v2/pfsenseapi/client.go:174.132,177.16 3 0
github.com/j-bolivar-lt/pfsense-api-goclient/v2/pfsenseapi/client.go:177.16,179.3 1 0
github.com/j-bolivar-lt/pfsense-api-goclient/v2/pfsenseapi/client.go:181.2,181.21 1 0
github.com/j-bolivar-lt/pfsense-api-goclient/v2/pfsenseapi/client.go:181.21,183.30 2 0
github.com/j-bolivar-lt/pfsense-api-goclient/v2/pfsenseapi/client.go:183.30,185.4 1 0
github.com/j-bolivar-lt/pfsense-api-goclient/v2/pfsenseapi/client.go:186.3,186.32 1 0
github.com/j-bolivar-lt/pfsense-api-goclient/v2/pfsenseapi/client.go:189.2,189.17 1 0
github.com/j-bolivar-lt/pfsense-api-goclient/v2/pfsenseapi/client.go:189.17,192.3 2 0
github.com/j-bolivar-lt/pfsense-api-goclient/v2/pfsenseapi/client.go:194.2,197.16 3 0
github.com/j-bolivar-lt/pfsense-api-goclient/v2/pfsenseapi/client.go:197.16,199.3 1 0
github.com/j-bolivar-lt/pfsense-api-goclient/v2/pfsenseapi/client.go:201.2,201.25 1 0
github.com/j-bolivar-lt/pfsense-api-goclient/v2/pfsenseapi/client.go:209.26,210.26 1 0
github.com/j-bolivar-lt/pfsense-api-goclient/v2/pfsenseapi/client.go:210.26,212.3 1 0
github.com/j-bolivar-lt/pfsense-api-goclient/v2/pfsenseapi/client.go:214.2,214.48 1 0
github.com/j-bolivar-lt/pfsense-api-goclient/v2/pfsenseapi/client.go:214.48,216.3 1 0
github.com/j-bolivar-lt/pfsense-api-goclient/v2/pfsenseapi/client.go:218.2,218.51 1 0
github.com/j-bolivar-lt/pfsense-api-goclient/v2/pfsenseapi/client.go:218.51,219.47 1 0
github.com/j-bolivar-lt/pfsense-api-goclient/v2/pfsenseapi/client.go:219.47,221.4 1 0
github.com/j-bolivar-lt/pfsense-api-goclient/v2/pfsenseapi/client.go:223.3,224.18 2 0
github.com/j-bolivar-lt/pfsense-api-goclient/v2/pfsenseapi/client.go:227.2,227.9 1 0
github.com/j-bolivar-lt/pfsense-api-goclient/v2/pfsenseapi/client.go:228.28,230.17 2 0
github.com/j-bolivar-lt/pfsense-api-goclient/v2/pfsenseapi/client.go:230.17,232.4 1 0
github.com/j-bolivar-lt/pfsense-api-goclient/v2/pfsenseapi/client.go:233.3,233.67 1 0
github.com/j-bolivar-lt/pfsense-api-goclient/v2/pfsenseapi/client.go:234.30,235.47 1 0
github.com/j-bolivar-lt/pfsense-api-goclient/v2/pfsenseapi/client.go:236.30,237.97 1 0
github.com/j-bolivar-lt/pfsense-api-goclient/v2/pfsenseapi/client.go:239.2,239.17 1 0
github.com/j-bolivar-lt/pfsense-api-goclient/v2/pfsenseapi/client.go:244.64,252.2 1 0
github.com/j-bolivar-lt/pfsense-api-goclient/v2/pfsenseapi/client.go:254.104,256.16 2 0
github.com/j-bolivar-lt/pfsense-api-goclient/v2/pfsenseapi/client.go:256.16,258.3 1 0
github.com/j-bolivar-lt/pfsense-api-goclient/v2/pfsenseapi/client.go:259.2,259.15 1 0
github.com/j-bolivar-lt/pfsense-api-goclient/v2/pfsenseapi/client.go:259.15,262.3 2 0
github.com/j-bolivar-lt/pfsense-api-goclient/v2/pfsenseapi/client.go:264.2,265.16 2 0
github.com/j-bolivar-lt/pfsense-api-goclient/v2/pfsenseapi/client.go:265.16,267.3 1 0
github.com/j-bolivar-lt/pfsense-api-goclient/v2/pfsenseapi/client.go:269.2,269.50 1 0
github.com/j-bolivar-lt/pfsense-api-goclient/v2/pfsenseapi/client.go:269.50,271.10 2 0
github.com/j-bolivar-lt/pfsense-api-goclient/v2/pfsenseapi/client.go:271.10,273.4 1 0
github.com/j-bolivar-lt/pfsense-api-goclient/v2/pfsenseapi/client.go:275.3,276.64 2 0
github.com/j-bolivar-lt/pfsense-api-goclient/v2/pfsenseapi/client.go:276.64,278.4 1 0
github.com/j-bolivar-lt/pfsense-api-goclient/v2/pfsenseapi/client.go:279.3,279.54 1 0
github.com/j-bolivar-lt/pfsense-api-goclient/v2/pfsenseapi/client.go:282.2,282.22 1 0
github.com/j-bolivar-lt/pfsense-api-goclient/v2/pfsenseapi/client.go:285.118,287.16 2 0
github.com/j-bolivar-lt/pfsense-api-goclient/v2/pfsenseapi/client.go:287.16,289.3 1 0
github.com/j-bolivar-lt/pfsense-api-goclient/v2/pfsenseapi/client.go:290.2,293.16 3 0
github.com/j-bolivar-lt/pfsense-api-goclient/v2/pfsenseapi/client.go:293.16,295.3 1 0
github.com/j-bolivar-lt/pfsense-api-goclient/v2/pfsenseapi/client.go:297.2,297.50 1 0
github.com/j-bolivar-lt/pfsense-api-goclient/v2/pfsenseapi/client.go:297.50,299.10 2 0
github.com/j-bolivar-lt/pfsense-api-goclient/v2/pfsenseapi/client.go:299.10,301.4 1 0
github.com/j-bolivar-lt/pfsense-api-goclient/v2/pfsenseapi/client.go:303.3,304.64 2 0
github.com/j-bolivar-lt/pfsense-api-goclient/v2/pfsenseapi/client.go:304.64,306.4 1 0
github.com/j-bolivar-lt/pfsense-api-goclient/v2/pfsenseapi/client.go:307.3,307.54 1 0
github.com/j-bolivar-lt/pfsense-api-goclient/v2/pfsenseapi/client.go:310.2,310.22 1 0
github.com/j-bolivar-lt/pfsense-api-goclient/v2/pfsenseapi/client.go:314.119,316.16 2 0
github.com/j-bolivar-lt/pfsense-api-goclient/v2/pfsenseapi/client.go:316.16,318.3 1 0
github.com/j-bolivar-lt/pfsense-api-goclient/v2/pfsenseapi/client.go:319.2,322.16 3 0
github.com/j-bolivar-lt/pfsense-api-goclient/v2/pfsenseapi/client.go:322.16,324.3 1 0
github.com/j-bolivar-lt/pfsense-api-goclient/v2/pfsenseapi/client.go:326.2,326.50 1 0
github.com/j-bolivar-lt/pfsense-api-goclient/v2/pfsenseapi/client.go:326.50,328.10 2 0
github.com/j-bolivar-lt/pfsense-api-goclient/v2/pfsenseapi/client.go:328.10,330.4 1 0
github.com/j-bolivar-lt/pfsense-api-goclient/v2/pfsenseapi/client.go:332.3,333.64 2 0
github.com/j-bolivar-lt/pfsense-api-goclient/v2/pfsenseapi/client.go:333.64,335.4 1 0
github.com/j-bolivar-lt/pfsense-api-goclient/v2/pfsenseapi/client.go:336.3,336.54 1 0
github.com/j-bolivar-lt/pfsense-api-goclient/v2/pfsenseapi/client.go:339.2,339.22 1 0
github.com/j-bolivar-lt/pfsense-api-goclient/v2/pfsenseapi/client.go:342.117,344.16 2 0
github.com/j-bolivar-lt/pfsense-api-goclient/v2/pfsenseapi/client.go:344.16,346.3 1 0
github.com/j-bolivar-lt/pfsense-api-goclient/v2/pfsenseapi/client.go:347.2,350.16 3 0
github.com/j-bolivar-lt/pfsense-api-goclient/v2/pfsenseapi/client.go:350.16,352.3 1 0
github.com/j-bolivar-lt/pfsense-api-goclient/v2/pfsenseapi/client.go:354.2,354.50 1 0
github.com/j-bolivar-lt/pfsense-api-goclient/v2/pfsenseapi/client.go:354.50,356.10 2 0
github.com/j-bolivar-lt/pfsense-api-goclient/v2/pfsenseapi/client.go:356.10,358.4 1 0
github.com/j-bolivar-lt/pfsense-api-goclient/v2/pfsenseapi/client.go:360.3,361.64 2 0
github.com/j-bolivar-lt/pfsense-api-goclient/v2/pfsenseapi/client.go:361.64,363.4 1 0
github.com/j-bolivar-lt/pfsense-api-goclient/v2/pfsenseapi/client.go:364.3,364.54 1 0
github.com/j-bolivar-lt/pfsense-api-goclient/v2/pfsenseapi/client.go:367.2,367.22 1 0
github.com/j-bolivar-lt/pfsense-api-goclient/v2/pfsenseapi/client.go:370.107,372.16 2 0
github.com/j-bolivar-lt/pfsense-api-goclient/v2/pfsenseapi/client.go:372.16,374.3 1 0
github.com/j-bolivar-lt/pfsense-api-goclient/v2/pfsenseapi/client.go:375.2,378.16 3 0
github.com/j-bolivar-lt/pfsense-api-goclient/v2/pfsenseapi/client.go:378.16,380.3 1 0
github.com/j-bolivar-lt/pfsense-api-goclient/v2/pfsenseapi/client.go:382.2,382.50 1 0
github.com/j-bolivar-lt/pfsense-api-goclient/v2/pfsenseapi/client.go:382.50,384.10 2 0
github.com/j-bolivar-lt/pfsense-api-goclient/v2/pfsenseapi/client.go:384.10,386.4 1 0
github.com/j-bolivar-lt/pfsense-api-goclient/v2/pfsenseapi/client.go:388.3,389.64 2 0
github.com/j-bolivar-lt/pfsense-api-goclient/v2/pfsenseapi/client.go:389.64,391.4 1 0
github.com/j-bolivar-lt/pfsense-api-goclient/v2/pfsenseapi/client.go:392.3,392.54 1 0
github.com/j-bolivar-lt/pfsense-api-goclient/v2/pfsenseapi/client.go:395.2,395.22 1 0
github.com/j-bolivar-lt/pfsense-api-goclient/v2/pfsenseapi/dhcp.go:52.82,54.16 2 0
github.com/j-bolivar-lt/pfsense-api-goclient/v2/pfsenseapi/dhcp.go:54.16,56.3 1 0
github.com/j-bolivar-lt/pfsense-api-goclient/v2/pfsenseapi/dhcp.go:58.2,59.54 2 0
github.com/j-bolivar-lt/pfsense-api-goclient/v2/pfsenseapi/dhcp.go:59.54,61.3 1 0
github.com/j-bolivar-lt/pfsense-api-goclient/v2/pfsenseapi/dhcp.go:63.2,63.23 1 0
github.com/j-bolivar-lt/pfsense-api-goclient/v2/pfsenseapi/dhcp.go:72.98,80.16 2 0
github.com/j-bolivar-lt/pfsense-api-goclient/v2/pfsenseapi/dhcp.go:80.16,82.3 1 0
github.com/j-bolivar-lt/pfsense-api-goclient/v2/pfsenseapi/dhcp.go:84.2,85.54 2 0
github.com/j-bolivar-lt/pfsense-api-goclient/v2/pfsenseapi/dhcp.go:85.54,87.3 1 0
github.com/j-bolivar-lt/pfsense-api-goclient/v2/pfsenseapi/dhcp.go:89.2,89.23 1 0
github.com/j-bolivar-lt/pfsense-api-goclient/v2/pfsenseapi/dhcp.go:93.100,95.16 2 0
github.com/j-bolivar-lt/pfsense-api-goclient/v2/pfsenseapi/dhcp.go:95.16,97.3 1 0
github.com/j-bolivar-lt/pfsense-api-goclient/v2/pfsenseapi/dhcp.go:99.2,100.16 2 0
github.com/j-bolivar-lt/pfsense-api-goclient/v2/pfsenseapi/dhcp.go:100.16,102.3 1 0
github.com/j-bolivar-lt/pfsense-api-goclient/v2/pfsenseapi/dhcp.go:104.2,105.54 2 0
github.com/j-bolivar-lt/pfsense-api-goclient/v2/pfsenseapi/dhcp.go:105.54,107.3 1 0
github.com/j-bolivar-lt/pfsense-api-goclient/v2/pfsenseapi/dhcp.go:109.2,109.23 1 0
github.com/j-bolivar-lt/pfsense-api-goclient/v2/pfsenseapi/dhcp.go:113.100,115.16 2 0
github.com/j-bolivar-lt/pfsense-api-goclient/v2/pfsenseapi/dhcp.go:115.16,117.3 1 0
github.com/j-bolivar-lt/pfsense-api-goclient/v2/pfsenseapi/dhcp.go:119.2,127.16 2 0
github.com/j-bolivar-lt/pfsense-api-goclient/v2/pfsenseapi/dhcp.go:127.16,129.3 1 0
github.com/j-bolivar-lt/pfsense-api-goclient/v2/pfsenseapi/dhcp.go:131.2,132.54 2 0
github.com/j-bolivar-lt/pfsense-api-goclient/v2/pfsenseapi/dhcp.go:132.54,134.3 1 0
github.com/j-bolivar-lt/pfsense-api-goclient/v2/pfsenseapi/dhcp.go:136.2,136.23 1 0
github.com/j-bolivar-lt/pfsense-api-goclient/v2/pfsenseapi/dhcp.go:140.101,148.16 2 0
github.com/j-bolivar-lt/pfsense-api-goclient/v2/pfsenseapi/dhcp.go:148.16,150.3 1 0
github.com/j-bolivar-lt/pfsense-api-goclient/v2/pfsenseapi/dhcp.go:152.2,153.54 2 0
github.com/j-bolivar-lt/pfsense-api-goclient/v2/pfsenseapi/dhcp.go:153.54,155.3 1 0
github.com/j-bolivar-lt/pfsense-api-goclient/v2/pfsenseapi/dhcp.go:157.2,157.23 1 0
github.com/j-bolivar-lt/pfsense-api-goclient/v2/pfsenseapi/dhcp.go:174.76,176.16 2 0
github.com/j-bolivar-lt/pfsense-api-goclient/v2/pfsenseapi/dhcp.go:176.16,178.3 1 0
github.com/j-bolivar-lt/pfsense-api-goclient/v2/pfsenseapi/dhcp.go:180.5,186.57 2 0
github.com/j-bolivar-lt/pfsense-api-goclient/v2/pfsenseapi/dhcp.go:186.57,188.6 1 0
github.com/j-bolivar-lt/pfsense-api-goclient/v2/pfsenseapi/dhcp.go:190.5,190.33 1 0
github.com/j-bolivar-lt/pfsense-api-goclient/v2/pfsenseapi/dhcp.go:199.69,201.16 2 0
github.com/j-bolivar-lt/pfsense-api-goclient/v2/pfsenseapi/dhcp.go:201.16,203.3 1 0
github.com/j-bolivar-lt/pfsense-api-goclient/v2/pfsenseapi/dhcp.go:205.2,209.54 2 0
github.com/j-bolivar-lt/pfsense-api-goclient/v2/pfsenseapi/dhcp.go:209.54,211.3 1 0
github.com/j-bolivar-lt/pfsense-api-goclient/v2/pfsenseapi/dhcp.go:213.2,213.23 1 0
github.com/j-bolivar-lt/pfsense-api-goclient/v2/pfsenseapi/dhcp.go:222.98,224.16 2 0
github.com/j-bolivar-lt/pfsense-api-goclient/v2/pfsenseapi/dhcp.go:224.16,226.3 1 0
github.com/j-bolivar-lt/pfsense-api-goclient/v2/pfsenseapi/dhcp.go:228.2,229.54 2 0
github.com/j-bolivar-lt/pfsense-api-goclient/v2/pfsenseapi/dhcp.go:229.54,231.3 1 0
github.com/j-bolivar-lt/pfsense-api-goclient/v2/pfsenseapi/dhcp.go:233.2,233.23 1 0
github.com/j-bolivar-lt/pfsense-api-goclient/v2/pfsenseapi/dhcp.go:241.106,243.16 2 0
github.com/j-bolivar-lt/pfsense-api-goclient/v2/pfsenseapi/dhcp.go:243.16,245.3 1 0
github.com/j-bolivar-lt/pfsense-api-goclient/v2/pfsenseapi/dhcp.go:246.2,248.54 2 0
github.com/j-bolivar-lt/pfsense-api-goclient/v2/pfsenseapi/dhcp.go:248.54,250.3 1 0
github.com/j-bolivar-lt/pfsense-api-goclient/v2/pfsenseapi/dhcp.go:251.2,251.22 1 0
github.com/j-bolivar-lt/pfsense-api-goclient/v2/pfsenseapi/dhcp.go:251.22,253.3 1 0
github.com/j-bolivar-lt/pfsense-api-goclient/v2/pfsenseapi/dhcp.go:255.2,255.23 1 0
github.com/j-bolivar-lt/pfsense-api-goclient/v2/pfsenseapi/diagnostics.go:39.86,41.16 2 0
github.com/j-bolivar-lt/pfsense-api-goclient/v2/pfsenseapi/diagnostics.go:41.16,43.3 1 0
github.com/j-bolivar-lt/pfsense-api-goclient/v2/pfsenseapi/diagnostics.go:45.2,46.54 2 0
github.com/j-bolivar-lt/pfsense-api-goclient/v2/pfsenseapi/diagnostics.go:46.54,48.3 1 0
github.com/j-bolivar-lt/pfsense-api-goclient/v2/pfsenseapi/diagnostics.go:50.2,50.23 1 0
github.com/j-bolivar-lt/pfsense-api-goclient/v2/pfsenseapi/diagnostics.go:61.105,67.16 3 0
github.com/j-bolivar-lt/pfsense-api-goclient/v2/pfsenseapi/diagnostics.go:67.16,69.3 1 0
github.com/j-bolivar-lt/pfsense-api-goclient/v2/pfsenseapi/diagnostics.go:71.2,72.16 2 0
github.com/j-bolivar-lt/pfsense-api-goclient/v2/pfsenseapi/diagnostics.go:72.16,74.3 1 0
github.com/j-bolivar-lt/pfsense-api-goclient/v2/pfsenseapi/diagnostics.go:76.2,80.54 2 0
github.com/j-bolivar-lt/pfsense-api-goclient/v2/pfsenseapi/diagnostics.go:80.54,82.3 1 0
github.com/j-bolivar-lt/pfsense-api-goclient/v2/pfsenseapi/diagnostics.go:84.2,84.23 1 0
github.com/j-bolivar-lt/pfsense-api-goclient/v2/pfsenseapi/diagnostics.go:101.111,103.16 2 0
github.com/j-bolivar-lt/pfsense-api-goclient/v2/pfsenseapi/diagnostics.go:103.16,105.3 1 0
github.com/j-bolivar-lt/pfsense-api-goclient/v2/pfsenseapi/diagnostics.go:107.2,108.54 2 0
github.com/j-bolivar-lt/pfsense-api-goclient/v2/pfsenseapi/diagnostics.go:108.54,110.3 1 0
github.com/j-bolivar-lt/pfsense-api-goclient/v2/pfsenseapi/diagnostics.go:112.2,112.23 1 0
github.com/j-bolivar-lt/pfsense-api-goclient/v2/pfsenseapi/diagnostics.go:121.118,129.16 2 0
github.com/j-bolivar-lt/pfsense-api-goclient/v2/pfsenseapi/diagnostics.go:129.16,131.3 1 0
github.com/j-bolivar-lt/pfsense-api-goclient/v2/pfsenseapi/diagnostics.go:133.2,134.54 2 0
github.com/j-bolivar-lt/pfsense-api-goclient/v2/pfsenseapi/diagnostics.go:134.54,136.3 1 0
github.com/j-bolivar-lt/pfsense-api-goclient/v2/pfsenseapi/diagnostics.go:138.2,138.23 1 0
github.com/j-bolivar-lt/pfsense-api-goclient/v2/pfsenseapi/diagnostics.go:146.99,152.16 3 0
github.com/j-bolivar-lt/pfsense-api-goclient/v2/pfsenseapi/diagnostics.go:152.16,154.3 1 0
github.com/j-bolivar-lt/pfsense-api-goclient/v2/pfsenseapi/diagnostics.go:156.2,157.12 2 0
github.com/j-bolivar-lt/pfsense-api-goclient/v2/pfsenseapi/diagnostics.go:161.74,163.2 1 0
github.com/j-bolivar-lt/pfsense-api-goclient/v2/pfsenseapi/diagnostics.go:166.76,168.2 1 0
github.com/j-bolivar-lt/pfsense-api-goclient/v2/pfsenseapi/dns.go:40.95,42.16 2 0
github.com/j-bolivar-lt/pfsense-api-goclient/v2/pfsenseapi/dns.go:42.16,44.3 1 0
github.com/j-bolivar-lt/pfsense-api-goclient/v2/pfsenseapi/dns.go:46.2,50.54 2 0
github.com/j-bolivar-lt/pfsense-api-goclient/v2/pfsenseapi/dns.go:50.54,52.3 1 0
github.com/j-bolivar-lt/pfsense-api-goclient/v2/pfsenseapi/dns.go:54.2,54.23 1 0
github.com/j-bolivar-lt/pfsense-api-goclient/v2/pfsenseapi/dns.go:58.128,60.16 2 0
github.com/j-bolivar-lt/pfsense-api-goclient/v2/pfsenseapi/dns.go:60.16,62.3 1 0
github.com/j-bolivar-lt/pfsense-api-goclient/v2/pfsenseapi/dns.go:64.2,65.16 2 0
github.com/j-bolivar-lt/pfsense-api-goclient/v2/pfsenseapi/dns.go:65.16,67.3 1 0
github.com/j-bolivar-lt/pfsense-api-goclient/v2/pfsenseapi/dns.go:69.2,73.54 2 0
github.com/j-bolivar-lt/pfsense-api-goclient/v2/pfsenseapi/dns.go:73.54,75.3 1 0
github.com/j-bolivar-lt/pfsense-api-goclient/v2/pfsenseapi/dns.go:77.2,77.23 1 0
github.com/j-bolivar-lt/pfsense-api-goclient/v2/pfsenseapi/dns.go:86.86,88.16 2 0
github.com/j-bolivar-lt/pfsense-api-goclient/v2/pfsenseapi/dns.go:88.16,90.3 1 0
github.com/j-bolivar-lt/pfsense-api-goclient/v2/pfsenseapi/dns.go:92.2,96.54 2 0
github.com/j-bolivar-lt/pfsense-api-goclient/v2/pfsenseapi/dns.go:96.54,98.3 1 0
github.com/j-bolivar-lt/pfsense-api-goclient/v2/pfsenseapi/dns.go:100.2,100.23 1 0
github.com/j-bolivar-lt/pfsense-api-goclient/v2/pfsenseapi/dns.go:120.106,122.16 2 0
github.com/j-bolivar-lt/pfsense-api-goclient/v2/pfsenseapi/dns.go:122.16,124.3 1 0
github.com/j-bolivar-lt/pfsense-api-goclient/v2/pfsenseapi/dns.go:126.2,130.54 2 0
github.com/j-bolivar-lt/pfsense-api-goclient/v2/pfsenseapi/dns.go:130.54,132.3 1 0
github.com/j-bolivar-lt/pfsense-api-goclient/v2/pfsenseapi/dns.go:134.2,134.23 1 0
github.com/j-bolivar-lt/pfsense-api-goclient/v2/pfsenseapi/dns.go:138.140,140.16 2 0
github.com/j-bolivar-lt/pfsense-api-goclient/v2/pfsenseapi/dns.go:140.16,142.3 1 0
github.com/j-bolivar-lt/pfsense-api-goclient/v2/pfsenseapi/dns.go:144.2,145.16 2 0
github.com/j-bolivar-lt/pfsense-api-goclient/v2/pfsenseapi/dns.go:145.16,147.3 1 0
github.com/j-bolivar-lt/pfsense-api-goclient/v2/pfsenseapi/dns.go:149.2,153.54 2 0
github.com/j-bolivar-lt/pfsense-api-goclient/v2/pfsenseapi/dns.go:153.54,155.3 1 0
github.com/j-bolivar-lt/pfsense-api-goclient/v2/pfsenseapi/dns.go:157.2,157.23 1 0
github.com/j-bolivar-lt/pfsense-api-goclient/v2/pfsenseapi/dns.go:170.110,172.16 2 0
github.com/j-bolivar-lt/pfsense-api-goclient/v2/pfsenseapi/dns.go:172.16,174.3 1 0
github.com/j-bolivar-lt/pfsense-api-goclient/v2/pfsenseapi/dns.go:176.2,180.54 2 0
github.com/j-bolivar-lt/pfsense-api-goclient/v2/pfsenseapi/dns.go:180.54,182.3 1 0
github.com/j-bolivar-lt/pfsense-api-goclient/v2/pfsenseapi/dns.go:184.2,184.23 1 0
github.com/j-bolivar-lt/pfsense-api-goclient/v2/pfsenseapi/dns.go:188.146,190.16 2 0
github.com/j-bolivar-lt/pfsense-api-goclient/v2/pfsenseapi/dns.go:190.16,192.3 1 0
github.com/j-bolivar-lt/pfsense-api-goclient/v2/pfsenseapi/dns.go:194.2,195.16 2 0
github.com/j-bolivar-lt/pfsense-api-goclient/v2/pfsenseapi/dns.go:195.16,197.3 1 0
github.com/j-bolivar-lt/pfsense-api-goclient/v2/pfsenseapi/dns.go:199.2,203.54 2 0
github.com/j-bolivar-lt/pfsense-api-goclient/v2/pfsenseapi/dns.go:203.54,205.3 1 0
github.com/j-bolivar-lt/pfsense-api-goclient/v2/pfsenseapi/dns.go:207.2,207.23 1 0
github.com/j-bolivar-lt/pfsense-api-goclient/v2/pfsenseapi/dns.go:222.97,224.16 2 0
github.com/j-bolivar-lt/pfsense-api-goclient/v2/pfsenseapi/dns.go:224.16,226.3 1 0
github.com/j-bolivar-lt/pfsense-api-goclient/v2/pfsenseapi/dns.go:228.2,232.54 2 0
github.com/j-bolivar-lt/pfsense-api-goclient/v2/pfsenseapi/dns.go:232.54,234.3 1 0
github.com/j-bolivar-lt/pfsense-api-goclient/v2/pfsenseapi/dns.go:236.2,236.23 1 0
github.com/j-bolivar-lt/pfsense-api-goclient/v2/pfsenseapi/dns.go:240.131,242.16 2 0
github.com/j-bolivar-lt/pfsense-api-goclient/v2/pfsenseapi/dns.go:242.16,244.3 1 0
github.com/j-bolivar-lt/pfsense-api-goclient/v2/pfsenseapi/dns.go:246.2,247.16 2 0
github.com/j-bolivar-lt/pfsense-api-goclient/v2/pfsenseapi/dns.go:247.16,249.3 1 0
github.com/j-bolivar-lt/pfsense-api-goclient/v2/pfsenseapi/dns.go:251.2,255.54 2 0
github.com/j-bolivar-lt/pfsense-api-goclient/v2/pfsenseapi/dns.go:255.54,257.3 1 0
github.com/j-bolivar-lt/pfsense-api-goclient/v2/pfsenseapi/dns.go:259.2,259.23 1 0
github.com/j-bolivar-lt/pfsense-api-goclient/v2/pfsenseapi/dns.go:268.88,270.16 2 0
github.com/j-bolivar-lt/pfsense-api-goclient/v2/pfsenseapi/dns.go:270.16,272.3 1 0
github.com/j-bolivar-lt/pfsense-api-goclient/v2/pfsenseapi/dns.go:274.2,278.54 2 0
github.com/j-bolivar-lt/pfsense-api-goclient/v2/pfsenseapi/dns.go:278.54,280.3 1 0
github.com/j-bolivar-lt/pfsense-api-goclient/v2/pfsenseapi/dns.go:282.2,282.23 1 0
github.com/j-bolivar-lt/pfsense-api-goclient/v2/pfsenseapi/dns.go:302.108,304.16 2 0
github.com/j-bolivar-lt/pfsense-api-goclient/v2/pfsenseapi/dns.go:304.16,306.3 1 0
github.com/j-bolivar-lt/pfsense-api-goclient/v2/pfsenseapi/dns.go:308.2,312.54 2 0
github.com/j-bolivar-lt/pfsense-api-goclient/v2/pfsenseapi/dns.go:312.54,314.3 1 0
github.com/j-bolivar-lt/pfsense-api-goclient/v2/pfsenseapi/dns.go:316.2,316.23 1 0
github.com/j-bolivar-lt/pfsense-api-goclient/v2/pfsenseapi/dns.go:320.143,322.16 2 0
github.com/j-bolivar-lt/pfsense-api-goclient/v2/pfsenseapi/dns.go:322.16,324.3 1 0
github.com/j-bolivar-lt/pfsense-api-goclient/v2/pfsenseapi/dns.go:326.2,327.16 2 0
github.com/j-bolivar-lt/pfsense-api-goclient/v2/pfsenseapi/dns.go:327.16,329.3 1 0
github.com/j-bolivar-lt/pfsense-api-goclient/v2/pfsenseapi/dns.go:331.2,335.54 2 0
github.com/j-bolivar-lt/pfsense-api-goclient/v2/pfsenseapi/dns.go:335.54,337.3 1 0
github.com/j-bolivar-lt/pfsense-api-goclient/v2/pfsenseapi/dns.go:339.2,339.23 1 0
github.com/j-bolivar-lt/pfsense-api-goclient/v2/pfsenseapi/firewall.go:42.85,44.16 2 0
github.com/j-bolivar-lt/pfsense-api-goclient/v2/pfsenseapi/firewall.go:44.16,46.3 1 0
github.com/j-bolivar-lt/pfsense-api-goclient/v2/pfsenseapi/firewall.go:48.2,49.54 2 0
github.com/j-bolivar-lt/pfsense-api-goclient/v2/pfsenseapi/firewall.go:49.54,51.3 1 0
github.com/j-bolivar-lt/pfsense-api-goclient/v2/pfsenseapi/firewall.go:53.2,53.23 1 0
github.com/j-bolivar-lt/pfsense-api-goclient/v2/pfsenseapi/firewall.go:62.93,70.16 2 0
github.com/j-bolivar-lt/pfsense-api-goclient/v2/pfsenseapi/firewall.go:70.16,72.3 1 0
github.com/j-bolivar-lt/pfsense-api-goclient/v2/pfsenseapi/firewall.go:74.2,75.54 2 0
github.com/j-bolivar-lt/pfsense-api-goclient/v2/pfsenseapi/firewall.go:75.54,77.3 1 0
github.com/j-bolivar-lt/pfsense-api-goclient/v2/pfsenseapi/firewall.go:79.2,79.23 1 0
github.com/j-bolivar-lt/pfsense-api-goclient/v2/pfsenseapi/firewall.go:83.104,85.16 2 0
github.com/j-bolivar-lt/pfsense-api-goclient/v2/pfsenseapi/firewall.go:85.16,87.3 1 0
github.com/j-bolivar-lt/pfsense-api-goclient/v2/pfsenseapi/firewall.go:89.2,90.16 2 0
github.com/j-bolivar-lt/pfsense-api-goclient/v2/pfsenseapi/firewall.go:90.16,92.3 1 0
github.com/j-bolivar-lt/pfsense-api-goclient/v2/pfsenseapi/firewall.go:94.2,95.54 2 0
github.com/j-bolivar-lt/pfsense-api-goclient/v2/pfsenseapi/firewall.go:95.54,97.3 1 0
github.com/j-bolivar-lt/pfsense-api-goclient/v2/pfsenseapi/firewall.go:99.2,99.23 1 0
github.com/j-bolivar-lt/pfsense-api-goclient/v2/pfsenseapi/firewall.go:103.104,105.16 2 0
github.com/j-bolivar-lt/pfsense-api-goclient/v2/pfsenseapi/firewall.go:105.16,107.3 1 0
github.com/j-bolivar-lt/pfsense-api-goclient/v2/pfsenseapi/firewall.go:109.2,117.16 2 0
github.com/j-bolivar-lt/pfsense-api-goclient/v2/pfsenseapi/firewall.go:117.16,119.3 1 0
github.com/j-bolivar-lt/pfsense-api-goclient/v2/pfsenseapi/firewall.go:121.2,122.54 2 0
github.com/j-bolivar-lt/pfsense-api-goclient/v2/pfsenseapi/firewall.go:122.54,124.3 1 0
github.com/j-bolivar-lt/pfsense-api-goclient/v2/pfsenseapi/firewall.go:126.2,126.23 1 0
github.com/j-bolivar-lt/pfsense-api-goclient/v2/pfsenseapi/firewall.go:130.96,138.16 2 0
github.com/j-bolivar-lt/pfsense-api-goclient/v2/pfsenseapi/firewall.go:138.16,140.3 1 0
github.com/j-bolivar-lt/pfsense-api-goclient/v2/pfsenseapi/firewall.go:142.2,143.54 2 0
github.com/j-bolivar-lt/pfsense-api-goclient/v2/pfsenseapi/firewall.go:143.54,145.3 1 0
github.com/j-bolivar-lt/pfsense-api-goclient/v2/pfsenseapi/firewall.go:147.2,147.23 1 0
github.com/j-bolivar-lt/pfsense-api-goclient/v2/pfsenseapi/firewall.go:182.82,184.16 2 0
github.com/j-bolivar-lt/pfsense-api-goclient/v2/pfsenseapi/firewall.go:184.16,186.3 1 0
github.com/j-bolivar-lt/pfsense-api-goclient/v2/pfsenseapi/firewall.go:188.2,189.54 2 0
github.com/j-bolivar-lt/pfsense-api-goclient/v2/pfsenseapi/firewall.go:189.54,191.3 1 0
github.com/j-bolivar-lt/pfsense-api-goclient/v2/pfsenseapi/firewall.go:193.2,193.23 1 0
github.com/j-bolivar-lt/pfsense-api-goclient/v2/pfsenseapi/firewall.go:202.91,210.16 2 0
github.com/j-bolivar-lt/pfsense-api-goclient/v2/pfsenseapi/firewall.go:210.16,212.3 1 0
github.com/j-bolivar-lt/pfsense-api-goclient/v2/pfsenseapi/firewall.go:214.2,215.54 2 0
github.com/j-bolivar-lt/pfsense-api-goclient/v2/pfsenseapi/firewall.go:215.54,217.3 1 0
github.com/j-bolivar-lt/pfsense-api-goclient/v2/pfsenseapi/firewall.go:219.2,219.23 1 0
github.com/j-bolivar-lt/pfsense-api-goclient/v2/pfsenseapi/firewall.go:223.100,225.16 2 0
github.com/j-bolivar-lt/pfsense-api-goclient/v2/pfsenseapi/firewall.go:225.16,227.3 1 0
github.com/j-bolivar-lt/pfsense-api-goclient/v2/pfsenseapi/firewall.go:229.2,230.16 2 0
github.com/j-bolivar-lt/pfsense-api-goclient/v2/pfsenseapi/firewall.go:230.16,232.3 1 0
github.com/j-bolivar-lt/pfsense-api-goclient/v2/pfsenseapi/firewall.go:234.2,235.54 2 0
github.com/j-bolivar-lt/pfsense-api-goclient/v2/pfsenseapi/firewall.go:235.54,237.3 1 0
github.com/j-bolivar-lt/pfsense-api-goclient/v2/pfsenseapi/firewall.go:239.2,239.23 1 0
github.com/j-bolivar-lt/pfsense-api-goclient/v2/pfsenseapi/firewall.go:243.100,245.16 2 0
github.com/j-bolivar-lt/pfsense-api-goclient/v2/pfsenseapi/firewall.go:245.16,247.3 1 0
github.com/j-bolivar-lt/pfsense-api-goclient/v2/pfsenseapi/firewall.go:249.2,257.16 2 0
github.com/j-bolivar-lt/pfsense-api-goclient/v2/pfsenseapi/firewall.go:257.16,259.3 1 0
github.com/j-bolivar-lt/pfsense-api-goclient/v2/pfsenseapi/firewall.go:261.2,262.54 2 0
github.com/j-bolivar-lt/pfsense-api-goclient/v2/pfsenseapi/firewall.go:262.54,264.3 1 0
github.com/j-bolivar-lt/pfsense-api-goclient/v2/pfsenseapi/firewall.go:266.2,266.23 1 0
github.com/j-bolivar-lt/pfsense-api-goclient/v2/pfsenseapi/firewall.go:270.94,278.16 2 0
github.com/j-bolivar-lt/pfsense-api-goclient/v2/pfsenseapi/firewall.go:278.16,280.3 1 0
github.com/j-bolivar-lt/pfsense-api-goclient/v2/pfsenseapi/firewall.go:282.2,283.54 2 0
github.com/j-bolivar-lt/pfsense-api-goclient/v2/pfsenseapi/firewall.go:283.54,285.3 1 0
github.com/j-bolivar-lt/pfsense-api-goclient/v2/pfsenseapi/firewall.go:287.2,287.23 1 0
github.com/j-bolivar-lt/pfsense-api-goclient/v2/pfsenseapi/firewall.go:297.77,299.16 2 0
github.com/j-bolivar-lt/pfsense-api-goclient/v2/pfsenseapi/firewall.go:299.16,301.3 1 0
github.com/j-bolivar-lt/pfsense-api-goclient/v2/pfsenseapi/firewall.go:303.2,307.54 2 0
github.com/j-bolivar-lt/pfsense-api-goclient/v2/pfsenseapi/firewall.go:307.54,309.3 1 0
github.com/j-bolivar-lt/pfsense-api-goclient/v2/pfsenseapi/firewall.go:311.2,311.23 1 0
github.com/j-bolivar-lt/pfsense-api-goclient/v2/pfsenseapi/firewall.go:340.90,342.16 2 0
github.com/j-bolivar-lt/pfsense-api-goclient/v2/pfsenseapi/firewall.go:342.16,344.3 1 0
github.com/j-bolivar-lt/pfsense-api-goclient/v2/pfsenseapi/firewall.go:346.2,350.54 2 0
github.com/j-bolivar-lt/pfsense-api-goclient/v2/pfsenseapi/firewall.go:350.54,352.3 1 0
github.com/j-bolivar-lt/pfsense-api-goclient/v2/pfsenseapi/firewall.go:354.2,354.23 1 0
github.com/j-bolivar-lt/pfsense-api-goclient/v2/pfsenseapi/firewall.go:358.118,360.16 2 0
github.com/j-bolivar-lt/pfsense-api-goclient/v2/pfsenseapi/firewall.go:360.16,362.3 1 0
github.com/j-bolivar-lt/pfsense-api-goclient/v2/pfsenseapi/firewall.go:364.2,365.16 2 0
github.com/j-bolivar-lt/pfsense-api-goclient/v2/pfsenseapi/firewall.go:365.16,367.3 1 0
github.com/j-bolivar-lt/pfsense-api-goclient/v2/pfsenseapi/firewall.go:369.2,373.54 2 0
github.com/j-bolivar-lt/pfsense-api-goclient/v2/pfsenseapi/firewall.go:373.54,375.3 1 0
github.com/j-bolivar-lt/pfsense-api-goclient/v2/pfsenseapi/firewall.go:377.2,377.23 1 0
github.com/j-bolivar-lt/pfsense-api-goclient/v2/pfsenseapi/interface.go:38.101,46.16 2 0
github.com/j-bolivar-lt/pfsense-api-goclient/v2/pfsenseapi/interface.go:46.16,48.3 1 0
github.com/j-bolivar-lt/pfsense-api-goclient/v2/pfsenseapi/interface.go:50.2,51.54 2 0
github.com/j-bolivar-lt/pfsense-api-goclient/v2/pfsenseapi/interface.go:51.54,53.3 1 0
github.com/j-bolivar-lt/pfsense-api-goclient/v2/pfsenseapi/interface.go:54.2,54.23 1 0
github.com/j-bolivar-lt/pfsense-api-goclient/v2/pfsenseapi/interface.go:58.85,60.16 2 0
github.com/j-bolivar-lt/pfsense-api-goclient/v2/pfsenseapi/interface.go:60.16,62.3 1 0
github.com/j-bolivar-lt/pfsense-api-goclient/v2/pfsenseapi/interface.go:64.2,65.54 2 0
github.com/j-bolivar-lt/pfsense-api-goclient/v2/pfsenseapi/interface.go:65.54,67.3 1 0
github.com/j-bolivar-lt/pfsense-api-goclient/v2/pfsenseapi/interface.go:69.2,69.23 1 0
github.com/j-bolivar-lt/pfsense-api-goclient/v2/pfsenseapi/interface.go:75.104,83.16 2 0
github.com/j-bolivar-lt/pfsense-api-goclient/v2/pfsenseapi/interface.go:83.16,85.3 1 0
github.com/j-bolivar-lt/pfsense-api-goclient/v2/pfsenseapi/interface.go:87.2,88.54 2 0
github.com/j-bolivar-lt/pfsense-api-goclient/v2/pfsenseapi/interface.go:88.54,90.3 1 0
github.com/j-bolivar-lt/pfsense-api-goclient/v2/pfsenseapi/interface.go:92.2,92.23 1 0
github.com/j-bolivar-lt/pfsense-api-goclient/v2/pfsenseapi/interface.go:141.23,143.16 2 0
github.com/j-bolivar-lt/pfsense-api-goclient/v2/pfsenseapi/interface.go:143.16,145.3 1 0
github.com/j-bolivar-lt/pfsense-api-goclient/v2/pfsenseapi/interface.go:147.2,148.16 2 0
github.com/j-bolivar-lt/pfsense-api-goclient/v2/pfsenseapi/interface.go:148.16,150.3 1 0
github.com/j-bolivar-lt/pfsense-api-goclient/v2/pfsenseapi/interface.go:152.2,153.54 2 0
github.com/j-bolivar-lt/pfsense-api-goclient/v2/pfsenseapi/interface.go:153.54,155.3 1 0
github.com/j-bolivar-lt/pfsense-api-goclient/v2/pfsenseapi/interface.go:156.2,156.23 1 0
github.com/j-bolivar-lt/pfsense-api-goclient/v2/pfsenseapi/interface.go:164.23,171.16 3 0
github.com/j-bolivar-lt/pfsense-api-goclient/v2/pfsenseapi/interface.go:171.16,173.3 1 0
github.com/j-bolivar-lt/pfsense-api-goclient/v2/pfsenseapi/interface.go:175.2,176.16 2 0
github.com/j-bolivar-lt/pfsense-api-goclient/v2/pfsenseapi/interface.go:176.16,178.3 1 0
github.com/j-bolivar-lt/pfsense-api-goclient/v2/pfsenseapi/interface.go:180.2,181.54 2 0
github.com/j-bolivar-lt/pfsense-api-goclient/v2/pfsenseapi/interface.go:181.54,183.3 1 0
github.com/j-bolivar-lt/pfsense-api-goclient/v2/pfsenseapi/interface.go:184.2,184.23 1 0
github.com/j-bolivar-lt/pfsense-api-goclient/v2/pfsenseapi/interface.go:199.75,201.16 2 0
github.com/j-bolivar-lt/pfsense-api-goclient/v2/pfsenseapi/interface.go:201.16,203.3 1 0
github.com/j-bolivar-lt/pfsense-api-goclient/v2/pfsenseapi/interface.go:205.2,206.54 2 0
github.com/j-bolivar-lt/pfsense-api-goclient/v2/pfsenseapi/interface.go:206.54,208.3 1 0
github.com/j-bolivar-lt/pfsense-api-goclient/v2/pfsenseapi/interface.go:210.2,210.23 1 0
github.com/j-bolivar-lt/pfsense-api-goclient/v2/pfsenseapi/interface.go:214.79,222.16 2 0
github.com/j-bolivar-lt/pfsense-api-goclient/v2/pfsenseapi/interface.go:222.16,224.3 1 0
github.com/j-bolivar-lt/pfsense-api-goclient/v2/pfsenseapi/interface.go:226.2,227.54 2 0
github.com/j-bolivar-lt/pfsense-api-goclient/v2/pfsenseapi/interface.go:227.54,229.3 1 0
github.com/j-bolivar-lt/pfsense-api-goclient/v2/pfsenseapi/interface.go:230.2,230.23 1 0
github.com/j-bolivar-lt/pfsense-api-goclient/v2/pfsenseapi/interface.go:234.90,242.16 2 0
github.com/j-bolivar-lt/pfsense-api-goclient/v2/pfsenseapi/interface.go:242.16,244.3 1 0
github.com/j-bolivar-lt/pfsense-api-goclient/v2/pfsenseapi/interface.go:246.2,247.54 2 0
github.com/j-bolivar-lt/pfsense-api-goclient/v2/pfsenseapi/interface.go:247.54,249.3 1 0
github.com/j-bolivar-lt/pfsense-api-goclient/v2/pfsenseapi/interface.go:250.2,250.23 1 0
github.com/j-bolivar-lt/pfsense-api-goclient/v2/pfsenseapi/interface.go:270.18,272.16 2 0
github.com/j-bolivar-lt/pfsense-api-goclient/v2/pfsenseapi/interface.go:272.16,274.3 1 0
github.com/j-bolivar-lt/pfsense-api-goclient/v2/pfsenseapi/interface.go:276.2,277.16 2 0
github.com/j-bolivar-lt/pfsense-api-goclient/v2/pfsenseapi/interface.go:277.16,279.3 1 0
github.com/j-bolivar-lt/pfsense-api-goclient/v2/pfsenseapi/interface.go:281.2,282.54 2 0
github.com/j-bolivar-lt/pfsense-api-goclient/v2/pfsenseapi/interface.go:282.54,284.3 1 0
github.com/j-bolivar-lt/pfsense-api-goclient/v2/pfsenseapi/interface.go:285.2,285.23 1 0
github.com/j-bolivar-lt/pfsense-api-goclient/v2/pfsenseapi/interface.go:293.18,300.16 3 0
github.com/j-bolivar-lt/pfsense-api-goclient/v2/pfsenseapi/interface.go:300.16,302.3 1 0
github.com/j-bolivar-lt/pfsense-api-goclient/v2/pfsenseapi/interface.go:304.2,305.16 2 0
github.com/j-bolivar-lt/pfsense-api-goclient/v2/pfsenseapi/interface.go:305.16,307.3 1 0
github.com/j-bolivar-lt/pfsense-api-goclient/v2/pfsenseapi/interface.go:309.2,310.54 2 0
github.com/j-bolivar-lt/pfsense-api-goclient/v2/pfsenseapi/interface.go:310.54,312.3 1 0
github.com/j-bolivar-lt/pfsense-api-goclient/v2/pfsenseapi/interface.go:313.2,313.23 1 0
github.com/j-bolivar-lt/pfsense-api-goclient/v2/pfsenseapi/interface.go:317.60,319.16 2 0
github.com/j-bolivar-lt/pfsense-api-goclient/v2/pfsenseapi/interface.go:319.16,321.3 1 0
github.com/j-bolivar-lt/pfsense-api-goclient/v2/pfsenseapi/interface.go:323.2,324.54 2 0
github.com/j-bolivar-lt/pfsense-api-goclient/v2/pfsenseapi/interface.go:324.54,326.3 1 0
github.com/j-bolivar-lt/pfsense-api-goclient/v2/pfsenseapi/interface.go:328.2,328.12 1 0
github.com/j-bolivar-lt/pfsense-api-goclient/v2/pfsenseapi/routing.go:50.86,52.16 2 0
github.com/j-bolivar-lt/pfsense-api-goclient/v2/pfsenseapi/routing.go:52.16,54.3 1 0
github.com/j-bolivar-lt/pfsense-api-goclient/v2/pfsenseapi/routing.go:56.2,57.54 2 0
github.com/j-bolivar-lt/pfsense-api-goclient/v2/pfsenseapi/routing.go:57.54,59.3 1 0
github.com/j-bolivar-lt/pfsense-api-goclient/v2/pfsenseapi/routing.go:61.2,61.23 1 0
github.com/j-bolivar-lt/pfsense-api-goclient/v2/pfsenseapi/routing.go:70.95,78.16 2 0
github.com/j-bolivar-lt/pfsense-api-goclient/v2/pfsenseapi/routing.go:78.16,80.3 1 0
github.com/j-bolivar-lt/pfsense-api-goclient/v2/pfsenseapi/routing.go:82.2,83.54 2 0
github.com/j-bolivar-lt/pfsense-api-goclient/v2/pfsenseapi/routing.go:83.54,85.3 1 0
github.com/j-bolivar-lt/pfsense-api-goclient/v2/pfsenseapi/routing.go:87.2,87.23 1 0
github.com/j-bolivar-lt/pfsense-api-goclient/v2/pfsenseapi/routing.go:91.109,93.16 2 0
github.com/j-bolivar-lt/pfsense-api-goclient/v2/pfsenseapi/routing.go:93.16,95.3 1 0
github.com/j-bolivar-lt/pfsense-api-goclient/v2/pfsenseapi/routing.go:97.2,98.16 2 0
github.com/j-bolivar-lt/pfsense-api-goclient/v2/pfsenseapi/routing.go:98.16,100.3 1 0
github.com/j-bolivar-lt/pfsense-api-goclient/v2/pfsenseapi/routing.go:102.2,103.54 2 0
github.com/j-bolivar-lt/pfsense-api-goclient/v2/pfsenseapi/routing.go:103.54,105.3 1 0
github.com/j-bolivar-lt/pfsense-api-goclient/v2/pfsenseapi/routing.go:107.2,107.23 1 0
github.com/j-bolivar-lt/pfsense-api-goclient/v2/pfsenseapi/routing.go:111.109,113.16 2 0
github.com/j-bolivar-lt/pfsense-api-goclient/v2/pfsenseapi/routing.go:113.16,115.3 1 0
github.com/j-bolivar-lt/pfsense-api-goclient/v2/pfsenseapi/routing.go:117.2,125.16 2 0
github.com/j-bolivar-lt/pfsense-api-goclient/v2/pfsenseapi/routing.go:125.16,127.3 1 0
github.com/j-bolivar-lt/pfsense-api-goclient/v2/pfsenseapi/routing.go:129.2,130.54 2 0
github.com/j-bolivar-lt/pfsense-api-goclient/v2/pfsenseapi/routing.go:130.54,132.3 1 0
github.com/j-bolivar-lt/pfsense-api-goclient/v2/pfsenseapi/routing.go:134.2,134.23 1 0
github.com/j-bolivar-lt/pfsense-api-goclient/v2/pfsenseapi/routing.go:138.98,146.16 2 0
github.com/j-bolivar-lt/pfsense-api-goclient/v2/pfsenseapi/routing.go:146.16,148.3 1 0
github.com/j-bolivar-lt/pfsense-api-goclient/v2/pfsenseapi/routing.go:150.2,151.54 2 0
github.com/j-bolivar-lt/pfsense-api-goclient/v2/pfsenseapi/routing.go:151.54,153.3 1 0
github.com/j-bolivar-lt/pfsense-api-goclient/v2/pfsenseapi/routing.go:155.2,155.23 1 0
github.com/j-bolivar-lt/pfsense-api-goclient/v2/pfsenseapi/routing.go:180.96,182.16 2 0
github.com/j-bolivar-lt/pfsense-api-goclient/v2/pfsenseapi/routing.go:182.16,184.3 1 0
github.com/j-bolivar-lt/pfsense-api-goclient/v2/pfsenseapi/routing.go:186.2,187.54 2 0
github.com/j-bolivar-lt/pfsense-api-goclient/v2/pfsenseapi/routing.go:187.54,189.3 1 0
github.com/j-bolivar-lt/pfsense-api-goclient/v2/pfsenseapi/routing.go:191.2,191.23 1 0
github.com/j-bolivar-lt/pfsense-api-goclient/v2/pfsenseapi/routing.go:200.105,208.16 2 0
github.com/j-bolivar-lt/pfsense-api-goclient/v2/pfsenseapi/routing.go:208.16,210.3 1 0
github.com/j-bolivar-lt/pfsense-api-goclient/v2/pfsenseapi/routing.go:212.2,213.54 2 0
github.com/j-bolivar-lt/pfsense-api-goclient/v2/pfsenseapi/routing.go:213.54,215.3 1 0
github.com/j-bolivar-lt/pfsense-api-goclient/v2/pfsenseapi/routing.go:217.2,217.23 1 0
github.com/j-bolivar-lt/pfsense-api-goclient/v2/pfsenseapi/routing.go:221.122,223.16 2 0
github.com/j-bolivar-lt/pfsense-api-goclient/v2/pfsenseapi/routing.go:223.16,225.3 1 0
github.com/j-bolivar-lt/pfsense-api-goclient/v2/pfsenseapi/routing.go:227.2,228.16 2 0
github.com/j-bolivar-lt/pfsense-api-goclient/v2/pfsenseapi/routing.go:228.16,230.3 1 0
github.com/j-bolivar-lt/pfsense-api-goclient/v2/pfsenseapi/routing.go:232.2,233.54 2 0
github.com/j-bolivar-lt/pfsense-api-goclient/v2/pfsenseapi/routing.go:233.54,235.3 1 0
github.com/j-bolivar-lt/pfsense-api-goclient/v2/pfsenseapi/routing.go:237.2,237.23 1 0
github.com/j-bolivar-lt/pfsense-api-goclient/v2/pfsenseapi/routing.go:241.122,243.16 2 0
github.com/j-bolivar-lt/pfsense-api-goclient/v2/pfsenseapi/routing.go:243.16,245.3 1 0
github.com/j-bolivar-lt/pfsense-api-goclient/v2/pfsenseapi/routing.go:247.2,255.16 2 0
github.com/j-bolivar-lt/pfsense-api-goclient/v2/pfsenseapi/routing.go:255.16,257.3 1 0
github.com/j-bolivar-lt/pfsense-api-goclient/v2/pfsenseapi/routing.go:259.2,260.54 2 0
github.com/j-bolivar-lt/pfsense-api-goclient/v2/pfsenseapi/routing.go:260.54,262.3 1 0
github.com/j-bolivar-lt/pfsense-api-goclient/v2/pfsenseapi/routing.go:264.2,264.23 1 0
github.com/j-bolivar-lt/pfsense-api-goclient/v2/pfsenseapi/routing.go:268.108,276.16 2 0
github.com/j-bolivar-lt/pfsense-api-goclient/v2/pfsenseapi/routing.go:276.16,278.3 1 0
github.com/j-bolivar-lt/pfsense-api-goclient/v2/pfsenseapi/routing.go:280.2,281.54 2 0
github.com/j-bolivar-lt/pfsense-api-goclient/v2/pfsenseapi/routing.go:281.54,283.3 1 0
github.com/j-bolivar-lt/pfsense-api-goclient/v2/pfsenseapi/routing.go:285.2,285.23 1 0
github.com/j-bolivar-lt/pfsense-api-goclient/v2/pfsenseapi/routing.go:302.87,304.16 2 0
github.com/j-bolivar-lt/pfsense-api-goclient/v2/pfsenseapi/routing.go:304.16,306.3 1 0
github.com/j-bolivar-lt/pfsense-api-goclient/v2/pfsenseapi/routing.go:308.2,309.54 2 0
github.com/j-bolivar-lt/pfsense-api-goclient/v2/pfsenseapi/routing.go:309.54,311.3 1 0
github.com/j-bolivar-lt/pfsense-api-goclient/v2/pfsenseapi/routing.go:313.2,313.23 1 0
github.com/j-bolivar-lt/pfsense-api-goclient/v2/pfsenseapi/routing.go:322.94,330.16 2 0
github.com/j-bolivar-lt/pfsense-api-goclient/v2/pfsenseapi/routing.go:330.16,332.3 1 0
github.com/j-bolivar-lt/pfsense-api-goclient/v2/pfsenseapi/routing.go:334.2,335.54 2 0
github.com/j-bolivar-lt/pfsense-api-goclient/v2/pfsenseapi/routing.go:335.54,337.3 1 0
github.com/j-bolivar-lt/pfsense-api-goclient/v2/pfsenseapi/routing.go:339.2,339.23 1 0
github.com/j-bolivar-lt/pfsense-api-goclient/v2/pfsenseapi/routing.go:343.105,345.16 2 0
github.com/j-bolivar-lt/pfsense-api-goclient/v2/pfsenseapi/routing.go:345.16,347.3 1 0
github.com/j-bolivar-lt/pfsense-api-goclient/v2/pfsenseapi/routing.go:349.2,350.16 2 0
github.com/j-bolivar-lt/pfsense-api-goclient/v2/pfsenseapi/routing.go:350.16,352.3 1 0
github.com/j-bolivar-lt/pfsense-api-goclient/v2/pfsenseapi/routing.go:354.2,355.54 2 0
github.com/j-bolivar-lt/pfsense-api-goclient/v2/pfsenseapi/routing.go:355.54,357.3 1 0
github.com/j-bolivar-lt/pfsense-api-goclient/v2/pfsenseapi/routing.go:359.2,359.23 1 0
github.com/j-bolivar-lt/pfsense-api-goclient/v2/pfsenseapi/routing.go:363.116,365.16 2 0
github.com/j-bolivar-lt/pfsense-api-goclient/v2/pfsenseapi/routing.go:365.16,367.3 1 0
github.com/j-bolivar-lt/pfsense-api-goclient/v2/pfsenseapi/routing.go:369.2,377.16 2 0
github.com/j-bolivar-lt/pfsense-api-goclient/v2/pfsenseapi/routing.go:377.16,379.3 1 0
github.com/j-bolivar-lt/pfsense-api-goclient/v2/pfsenseapi/routing.go:381.2,382.54 2 0
github.com/j-bolivar-lt/pfsense-api-goclient/v2/pfsenseapi/routing.go:382.54,384.3 1 0
github.com/j-bolivar-lt/pfsense-api-goclient/v2/pfsenseapi/routing.go:386.2,386.23 1 0
github.com/j-bolivar-lt/pfsense-api-goclient/v2/pfsenseapi/routing.go:390.97,398.16 2 0
github.com/j-bolivar-lt/pfsense-api-goclient/v2/pfsenseapi/routing.go:398.16,400.3 1 0
github.com/j-bolivar-lt/pfsense-api-goclient/v2/pfsenseapi/routing.go:402.2,403.54 2 0
github.com/j-bolivar-lt/pfsense-api-goclient/v2/pfsenseapi/routing.go:403.54,405.3 1 0
github.com/j-bolivar-lt/pfsense-api-goclient/v2/pfsenseapi/routing.go:407.2,407.23 1 0
github.com/j-bolivar-lt/pfsense-api-goclient/v2/pfsenseapi/routing.go:416.75,418.16 2 0
github.com/j-bolivar-lt/pfsense-api-goclient/v2/pfsenseapi/routing.go:418.16,420.3 1 0
github.com/j-bolivar-lt/pfsense-api-goclient/v2/pfsenseapi/routing.go:422.2,426.54 2 0
github.com/j-bolivar-lt/pfsense-api-goclient/v2/pfsenseapi/routing.go:426.54,428.3 1 0
github.com/j-bolivar-lt/pfsense-api-goclient/v2/pfsenseapi/routing.go:430.2,430.23 1 0
github.com/j-bolivar-lt/pfsense-api-goclient/v2/pfsenseapi/services.go:42.82,44.16 2 0
github.com/j-bolivar-lt/pfsense-api-goclient/v2/pfsenseapi/services.go:44.16,46.3 1 0
github.com/j-bolivar-lt/pfsense-api-goclient/v2/pfsenseapi/services.go:48.2,52.54 2 0
github.com/j-bolivar-lt/pfsense-api-goclient/v2/pfsenseapi/services.go:52.54,54.3 1 0
github.com/j-bolivar-lt/pfsense-api-goclient/v2/pfsenseapi/services.go:56.2,56.23 1 0
github.com/j-bolivar-lt/pfsense-api-goclient/v2/pfsenseapi/services.go:60.91,62.16 2 0
github.com/j-bolivar-lt/pfsense-api-goclient/v2/pfsenseapi/services.go:62.16,64.3 1 0
github.com/j-bolivar-lt/pfsense-api-goclient/v2/pfsenseapi/services.go:66.2,67.12 2 0
github.com/j-bolivar-lt/pfsense-api-goclient/v2/pfsenseapi/services.go:71.82,73.16 2 0
github.com/j-bolivar-lt/pfsense-api-goclient/v2/pfsenseapi/services.go:73.16,75.3 1 0
github.com/j-bolivar-lt/pfsense-api-goclient/v2/pfsenseapi/services.go:77.2,81.54 2 0
github.com/j-bolivar-lt/pfsense-api-goclient/v2/pfsenseapi/services.go:81.54,83.3 1 0
github.com/j-bolivar-lt/pfsense-api-goclient/v2/pfsenseapi/services.go:85.2,85.23 1 0
github.com/j-bolivar-lt/pfsense-api-goclient/v2/pfsenseapi/services.go:89.91,91.16 2 0
github.com/j-bolivar-lt/pfsense-api-goclient/v2/pfsenseapi/services.go:91.16,93.3 1 0
github.com/j-bolivar-lt/pfsense-api-goclient/v2/pfsenseapi/services.go:95.2,96.12 2 0
github.com/j-bolivar-lt/pfsense-api-goclient/v2/pfsenseapi/system.go:31.81,33.16 2 0
github.com/j-bolivar-lt/pfsense-api-goclient/v2/pfsenseapi/system.go:33.16,35.3 1 0
github.com/j-bolivar-lt/pfsense-api-goclient/v2/pfsenseapi/system.go:37.2,41.54 2 0
github.com/j-bolivar-lt/pfsense-api-goclient/v2/pfsenseapi/system.go:41.54,43.3 1 0
github.com/j-bolivar-lt/pfsense-api-goclient/v2/pfsenseapi/system.go:45.2,45.23 1 0
github.com/j-bolivar-lt/pfsense-api-goclient/v2/pfsenseapi/system.go:49.75,51.16 2 0
github.com/j-bolivar-lt/pfsense-api-goclient/v2/pfsenseapi/system.go:51.16,53.3 1 0
github.com/j-bolivar-lt/pfsense-api-goclient/v2/pfsenseapi/system.go:55.2,56.59 2 0
github.com/j-bolivar-lt/pfsense-api-goclient/v2/pfsenseapi/system.go:56.59,58.3 1 0
github.com/j-bolivar-lt/pfsense-api-goclient/v2/pfsenseapi/system.go:60.2,60.72 1 0
github.com/j-bolivar-lt/pfsense-api-goclient/v2/pfsenseapi/system.go:80.79,82.16 2 0
github.com/j-bolivar-lt/pfsense-api-goclient/v2/pfsenseapi/system.go:82.16,84.3 1 0
github.com/j-bolivar-lt/pfsense-api-goclient/v2/pfsenseapi/system.go:86.2,87.54 2 0
github.com/j-bolivar-lt/pfsense-api-goclient/v2/pfsenseapi/system.go:87.54,89.3 1 0
github.com/j-bolivar-lt/pfsense-api-goclient/v2/pfsenseapi/system.go:91.2,91.23 1 0
github.com/j-bolivar-lt/pfsense-api-goclient/v2/pfsenseapi/system.go:100.86,108.16 2 0
github.com/j-bolivar-lt/pfsense-api-goclient/v2/pfsenseapi/system.go:108.16,110.3 1 0
github.com/j-bolivar-lt/pfsense-api-goclient/v2/pfsenseapi/system.go:112.2,113.54 2 0
github.com/j-bolivar-lt/pfsense-api-goclient/v2/pfsenseapi/system.go:113.54,115.3 1 0
github.com/j-bolivar-lt/pfsense-api-goclient/v2/pfsenseapi/system.go:117.2,117.23 1 0
github.com/j-bolivar-lt/pfsense-api-goclient/v2/pfsenseapi/system.go:121.91,123.16 2 0
github.com/j-bolivar-lt/pfsense-api-goclient/v2/pfsenseapi/system.go:123.16,125.3 1 0
github.com/j-bolivar-lt/pfsense-api-goclient/v2/pfsenseapi/system.go:127.2,128.16 2 0
github.com/j-bolivar-lt/pfsense-api-goclient/v2/pfsenseapi/system.go:128.16,130.3 1 0
github.com/j-bolivar-lt/pfsense-api-goclient/v2/pfsenseapi/system.go:132.2,133.54 2 0
github.com/j-bolivar-lt/pfsense-api-goclient/v2/pfsenseapi/system.go:133.54,135.3 1 0
github.com/j-bolivar-lt/pfsense-api-goclient/v2/pfsenseapi/system.go:137.2,137.23 1 0
github.com/j-bolivar-lt/pfsense-api-goclient/v2/pfsenseapi/system.go:141.102,143.16 2 0
github.com/j-bolivar-lt/pfsense-api-goclient/v2/pfsenseapi/system.go:143.16,145.3 1 0
github.com/j-bolivar-lt/pfsense-api-goclient/v2/pfsenseapi/system.go:147.2,155.16 2 0
github.com/j-bolivar-lt/pfsense-api-goclient/v2/pfsenseapi/system.go:155.16,157.3 1 0
github.com/j-bolivar-lt/pfsense-api-goclient/v2/pfsenseapi/system.go:159.2,160.54 2 0
github.com/j-bolivar-lt/pfsense-api-goclient/v2/pfsenseapi/system.go:160.54,162.3 1 0
github.com/j-bolivar-lt/pfsense-api-goclient/v2/pfsenseapi/system.go:164.2,164.23 1 0
github.com/j-bolivar-lt/pfsense-api-goclient/v2/pfsenseapi/system.go:168.89,176.16 2 0
github.com/j-bolivar-lt/pfsense-api-goclient/v2/pfsenseapi/system.go:176.16,178.3 1 0
github.com/j-bolivar-lt/pfsense-api-goclient/v2/pfsenseapi/system.go:180.2,181.54 2 0
github.com/j-bolivar-lt/pfsense-api-goclient/v2/pfsenseapi/system.go:181.54,183.3 1 0
github.com/j-bolivar-lt/pfsense-api-goclient/v2/pfsenseapi/system.go:185.2,185.23 1 0
github.com/j-bolivar-lt/pfsense-api-goclient/v2/pfsenseapi/user.go:48.71,50.16 2 0
github.com/j-bolivar-lt/pfsense-api-goclient/v2/pfsenseapi/user.go:50.16,52.3 1 0
github.com/j-bolivar-lt/pfsense-api-goclient/v2/pfsenseapi/user.go:54.2,55.54 2 0
github.com/j-bolivar-lt/pfsense-api-goclient/v2/pfsenseapi/user.go:55.54,57.3 1 0
github.com/j-bolivar-lt/pfsense-api-goclient/v2/pfsenseapi/user.go:59.2,59.23 1 0
github.com/j-bolivar-lt/pfsense-api-goclient/v2/pfsenseapi/user.go:69.75,77.16 2 0
github.com/j-bolivar-lt/pfsense-api-goclient/v2/pfsenseapi/user.go:77.16,79.3 1 0
github.com/j-bolivar-lt/pfsense-api-goclient/v2/pfsenseapi/user.go:81.2,82.54 2 0
github.com/j-bolivar-lt/pfsense-api-goclient/v2/pfsenseapi/user.go:82.54,84.3 1 0
github.com/j-bolivar-lt/pfsense-api-goclient/v2/pfsenseapi/user.go:86.2,86.23 1 0
github.com/j-bolivar-lt/pfsense-api-goclient/v2/pfsenseapi/user.go:90.91,92.16 2 0
github.com/j-bolivar-lt/pfsense-api-goclient/v2/pfsenseapi/user.go:92.16,94.3 1 0
github.com/j-bolivar-lt/pfsense-api-goclient/v2/pfsenseapi/user.go:96.2,97.16 2 0
github.com/j-bolivar-lt/pfsense-api-goclient/v2/pfsenseapi/user.go:97.16,99.3 1 0
github.com/j-bolivar-lt/pfsense-api-goclient/v2/pfsenseapi/user.go:101.2,102.54 2 0
github.com/j-bolivar-lt/pfsense-api-goclient/v2/pfsenseapi/user.go:102.54,104.3 1 0
github.com/j-bolivar-lt/pfsense-api-goclient/v2/pfsenseapi/user.go:106.2,106.23 1 0
github.com/j-bolivar-lt/pfsense-api-goclient/v2/pfsenseapi/user.go:110.103,117.16 3 0
github.com/j-bolivar-lt/pfsense-api-goclient/v2/pfsenseapi/user.go:117.16,119.3 1 0
github.com/j-bolivar-lt/pfsense-api-goclient/v2/pfsenseapi/user.go:121.2,122.16 2 0
github.com/j-bolivar-lt/pfsense-api-goclient/v2/pfsenseapi/user.go:122.16,124.3 1 0
github.com/j-bolivar-lt/pfsense-api-goclient/v2/pfsenseapi/user.go:126.2,127.54 2 0
github.com/j-bolivar-lt/pfsense-api-goclient/v2/pfsenseapi/user.go:127.54,129.3 1 0
github.com/j-bolivar-lt/pfsense-api-goclient/v2/pfsenseapi/user.go:131.2,131.23 1 0
github.com/j-bolivar-lt/pfsense-api-goclient/v2/pfsenseapi/user.go:135.78,143.16 2 0
github.com/j-bolivar-lt/pfsense-api-goclient/v2/pfsenseapi/user.go:143.16,145.3 1 0
github.com/j-bolivar-lt/pfsense-api-goclient/v2/pfsenseapi/user.go:147.2,148.54 2 0
github.com/j-bolivar-lt/pfsense-api-goclient/v2/pfsenseapi/user.go:148.54,150.3 1 0
github.com/j-bolivar-lt/pfsense-api-goclient/v2/pfsenseapi/user.go:152.2,152.23 1 0
github.com/j-bolivar-lt/pfsense-api-goclient/v2/pfsenseapi/user.go:174.81,176.16 2 0
github.com/j-bolivar-lt/pfsense-api-goclient/v2/pfsenseapi/user.go:176.16,178.3 1 0
github.com/j-bolivar-lt/pfsense-api-goclient/v2/pfsenseapi/user.go:180.2,181.54 2 0
github.com/j-bolivar-lt/pfsense-api-goclient/v2/pfsenseapi/user.go:181.54,183.3 1 0
github.com/j-bolivar-lt/pfsense-api-goclient/v2/pfsenseapi/user.go:185.2,185.23 1 0
github.com/j-bolivar-lt/pfsense-api-goclient/v2/pfsenseapi/user.go:189.85,197.16 2 0
github.com/j-bolivar-lt/pfsense-api-goclient/v2/pfsenseapi/user.go:197.16,199.3 1 0
github.com/j-bolivar-lt/pfsense-api-goclient/v2/pfsenseapi/user.go:201.2,202.54 2 0
github.com/j-bolivar-lt/pfsense-api-goclient/v2/pfsenseapi/user.go:202.54,204.3 1 0
github.com/j-bolivar-lt/pfsense-api-goclient/v2/pfsenseapi/user.go:206.2,206.23 1 0
github.com/j-bolivar-lt/pfsense-api-goclient/v2/pfsenseapi/user.go:218.111,220.16 2 0
github.com/j-bolivar-lt/pfsense-api-goclient/v2/pfsenseapi/user.go:220.16,222.3 1 0
github.com/j-bolivar-lt/pfsense-api-goclient/v2/pfsenseapi/user.go:224.2,225.16 2 0
github.com/j-bolivar-lt/pfsense-api-goclient/v2/pfsenseapi/user.go:225.16,227.3 1 0
github.com/j-bolivar-lt/pfsense-api-goclient/v2/pfsenseapi/user.go:229.2,230.54 2 0
github.com/j-bolivar-lt/pfsense-api-goclient/v2/pfsenseapi/user.go:230.54,232.3 1 0
github.com/j-bolivar-lt/pfsense-api-goclient/v2/pfsenseapi/user.go:234.2,234.23 1 0
github.com/j-bolivar-lt/pfsense-api-goclient/v2/pfsenseapi/user.go:238.123,245.16 3 0
github.com/j-bolivar-lt/pfsense-api-goclient/v2/pfsenseapi/user.go:245.16,247.3 1 0
github.com/j-bolivar-lt/pfsense-api-goclient/v2/pfsenseapi/user.go:249.2,250.16 2 0
github.com/j-bolivar-lt/pfsense-api-goclient/v2/pfsenseapi/user.go:250.16,252.3 1 0
github.com/j-bolivar-lt/pfsense-api-goclient/v2/pfsenseapi/user.go:254.2,255.54 2 0
github.com/j-bolivar-lt/pfsense-api-goclient/v2/pfsenseapi/user.go:255.54,257.3 1 0
github.com/j-bolivar-lt/pfsense-api-goclient/v2/pfsenseapi/user.go:259.2,259.23 1 0
github.com/j-bolivar-lt/pfsense-api-goclient/v2/pfsenseapi/user.go:263.88,271.16 2 0
github.com/j-bolivar-lt/pfsense-api-goclient/v2/pfsenseapi/user.go:271.16,273.3 1 0
github.com/j-bolivar-lt/pfsense-api-goclient/v2/pfsenseapi/user.go:275.2,276.54 2 0
github.com/j-bolivar-lt/pfsense-api-goclient/v2/pfsenseapi/user.go:276.54,278.3 1 0
github.com/j-bolivar-lt/pfsense-api-goclient/v2/pfsenseapi/user.go:280.2,280.23 1 0
github.com/j-bolivar-lt/pfsense-api-goclient/v2/pfsenseapi/user.go:284.112,286.16 2 0
github.com/j-bolivar-lt/pfsense-api-goclient/v2/pfsenseapi/user.go:286.16,288.3 1 0
github.com/j-bolivar-lt/pfsense-api-goclient/v2/pfsenseapi/user.go:290.2,291.16 2 0
github.com/j-bolivar-lt/pfsense-api-goclient/v2/pfsenseapi/user.go:291.16,293.3 1 0
github.com/j-bolivar-lt/pfsense-api-goclient/v2/pfsenseapi/user.go:295.2,296.54 2 0
github.com/j-bolivar-lt/pfsense-api-goclient/v2/pfsenseapi/user.go:296.54,298.3 1 0
github.com/j-bolivar-lt/pfsense-api-goclient/v2/pfsenseapi/user.go:300.2,300.23 1 0
